{"/Users/vc/Desktop/17313/app/src/components/App.js": {"path":"/Users/vc/Desktop/17313/app/src/components/App.js","statementMap":{"0":{"start":{"line":42,"column":18},"end":{"line":42,"column":30}},"1":{"start":{"line":43,"column":38},"end":{"line":43,"column":53}},"2":{"start":{"line":44,"column":56},"end":{"line":44,"column":68}},"3":{"start":{"line":45,"column":32},"end":{"line":45,"column":44}},"4":{"start":{"line":46,"column":46},"end":{"line":50,"column":4}},"5":{"start":{"line":51,"column":26},"end":{"line":51,"column":71}},"6":{"start":{"line":52,"column":26},"end":{"line":52,"column":36}},"7":{"start":{"line":59,"column":6},"end":{"line":59,"column":15}},"8":{"start":{"line":60,"column":40},"end":{"line":60,"column":50}},"9":{"start":{"line":61,"column":48},"end":{"line":61,"column":58}},"10":{"start":{"line":62,"column":36},"end":{"line":62,"column":46}},"11":{"start":{"line":63,"column":2},"end":{"line":65,"column":24}},"12":{"start":{"line":64,"column":4},"end":{"line":64,"column":48}},"13":{"start":{"line":67,"column":2},"end":{"line":77,"column":18}},"14":{"start":{"line":68,"column":31},"end":{"line":72,"column":5}},"15":{"start":{"line":70,"column":6},"end":{"line":71,"column":69}},"16":{"start":{"line":71,"column":8},"end":{"line":71,"column":69}},"17":{"start":{"line":73,"column":4},"end":{"line":73,"column":64}},"18":{"start":{"line":74,"column":4},"end":{"line":76,"column":6}},"19":{"start":{"line":75,"column":6},"end":{"line":75,"column":69}},"20":{"start":{"line":79,"column":2},"end":{"line":85,"column":9}},"21":{"start":{"line":80,"column":4},"end":{"line":84,"column":65}},"22":{"start":{"line":84,"column":6},"end":{"line":84,"column":65}},"23":{"start":{"line":87,"column":2},"end":{"line":113,"column":34}},"24":{"start":{"line":89,"column":4},"end":{"line":99,"column":5}},"25":{"start":{"line":94,"column":30},"end":{"line":94,"column":51}},"26":{"start":{"line":95,"column":6},"end":{"line":95,"column":47}},"27":{"start":{"line":96,"column":6},"end":{"line":97,"column":39}},"28":{"start":{"line":98,"column":6},"end":{"line":98,"column":43}},"29":{"start":{"line":102,"column":4},"end":{"line":112,"column":5}},"30":{"start":{"line":107,"column":30},"end":{"line":107,"column":51}},"31":{"start":{"line":108,"column":6},"end":{"line":109,"column":55}},"32":{"start":{"line":110,"column":6},"end":{"line":110,"column":60}},"33":{"start":{"line":111,"column":6},"end":{"line":111,"column":43}},"34":{"start":{"line":115,"column":2},"end":{"line":128,"column":27}},"35":{"start":{"line":116,"column":4},"end":{"line":119,"column":5}},"36":{"start":{"line":117,"column":6},"end":{"line":117,"column":41}},"37":{"start":{"line":118,"column":6},"end":{"line":118,"column":32}},"38":{"start":{"line":120,"column":4},"end":{"line":127,"column":9}},"39":{"start":{"line":122,"column":8},"end":{"line":122,"column":37}},"40":{"start":{"line":123,"column":8},"end":{"line":123,"column":26}},"41":{"start":{"line":126,"column":8},"end":{"line":126,"column":23}},"42":{"start":{"line":130,"column":20},"end":{"line":137,"column":3}},"43":{"start":{"line":131,"column":11},"end":{"line":135,"column":5}},"44":{"start":{"line":133,"column":8},"end":{"line":133,"column":73}},"45":{"start":{"line":133,"column":31},"end":{"line":133,"column":70}},"46":{"start":{"line":139,"column":22},"end":{"line":148,"column":3}},"47":{"start":{"line":140,"column":4},"end":{"line":147,"column":12}},"48":{"start":{"line":142,"column":8},"end":{"line":142,"column":27}},"49":{"start":{"line":146,"column":8},"end":{"line":146,"column":41}},"50":{"start":{"line":150,"column":23},"end":{"line":159,"column":3}},"51":{"start":{"line":152,"column":6},"end":{"line":156,"column":11}},"52":{"start":{"line":153,"column":8},"end":{"line":156,"column":11}},"53":{"start":{"line":154,"column":26},"end":{"line":154,"column":54}},"54":{"start":{"line":155,"column":10},"end":{"line":155,"column":32}},"55":{"start":{"line":161,"column":2},"end":{"line":165,"column":35}},"56":{"start":{"line":162,"column":4},"end":{"line":164,"column":5}},"57":{"start":{"line":163,"column":6},"end":{"line":163,"column":33}},"58":{"start":{"line":167,"column":30},"end":{"line":183,"column":3}},"59":{"start":{"line":168,"column":12},"end":{"line":168,"column":14}},"60":{"start":{"line":169,"column":4},"end":{"line":169,"column":24}},"61":{"start":{"line":170,"column":4},"end":{"line":170,"column":38}},"62":{"start":{"line":171,"column":4},"end":{"line":171,"column":20}},"63":{"start":{"line":172,"column":4},"end":{"line":182,"column":7}},"64":{"start":{"line":173,"column":6},"end":{"line":181,"column":11}},"65":{"start":{"line":175,"column":10},"end":{"line":175,"column":27}},"66":{"start":{"line":176,"column":10},"end":{"line":176,"column":69}},"67":{"start":{"line":179,"column":10},"end":{"line":179,"column":25}},"68":{"start":{"line":180,"column":10},"end":{"line":180,"column":48}},"69":{"start":{"line":185,"column":22},"end":{"line":219,"column":3}},"70":{"start":{"line":186,"column":4},"end":{"line":218,"column":5}},"71":{"start":{"line":189,"column":23},"end":{"line":189,"column":56}},"72":{"start":{"line":191,"column":6},"end":{"line":217,"column":8}},"73":{"start":{"line":199,"column":16},"end":{"line":199,"column":38}},"74":{"start":{"line":200,"column":16},"end":{"line":200,"column":41}},"75":{"start":{"line":201,"column":16},"end":{"line":201,"column":39}},"76":{"start":{"line":202,"column":16},"end":{"line":203,"column":103}},"77":{"start":{"line":204,"column":16},"end":{"line":209,"column":21}},"78":{"start":{"line":221,"column":26},"end":{"line":238,"column":3}},"79":{"start":{"line":222,"column":4},"end":{"line":222,"column":34}},"80":{"start":{"line":223,"column":12},"end":{"line":223,"column":14}},"81":{"start":{"line":224,"column":4},"end":{"line":224,"column":52}},"82":{"start":{"line":225,"column":4},"end":{"line":225,"column":38}},"83":{"start":{"line":226,"column":4},"end":{"line":226,"column":21}},"84":{"start":{"line":227,"column":4},"end":{"line":227,"column":27}},"85":{"start":{"line":228,"column":4},"end":{"line":237,"column":7}},"86":{"start":{"line":229,"column":6},"end":{"line":236,"column":11}},"87":{"start":{"line":231,"column":10},"end":{"line":231,"column":65}},"88":{"start":{"line":234,"column":10},"end":{"line":234,"column":25}},"89":{"start":{"line":235,"column":10},"end":{"line":235,"column":48}},"90":{"start":{"line":240,"column":24},"end":{"line":307,"column":3}},"91":{"start":{"line":241,"column":4},"end":{"line":241,"column":34}},"92":{"start":{"line":243,"column":23},"end":{"line":272,"column":8}},"93":{"start":{"line":245,"column":16},"end":{"line":245,"column":34}},"94":{"start":{"line":246,"column":17},"end":{"line":246,"column":36}},"95":{"start":{"line":247,"column":8},"end":{"line":260,"column":11}},"96":{"start":{"line":261,"column":8},"end":{"line":261,"column":17}},"97":{"start":{"line":265,"column":8},"end":{"line":267,"column":9}},"98":{"start":{"line":266,"column":10},"end":{"line":266,"column":19}},"99":{"start":{"line":268,"column":8},"end":{"line":270,"column":9}},"100":{"start":{"line":269,"column":10},"end":{"line":269,"column":20}},"101":{"start":{"line":271,"column":8},"end":{"line":271,"column":17}},"102":{"start":{"line":273,"column":18},"end":{"line":286,"column":8}},"103":{"start":{"line":275,"column":8},"end":{"line":275,"column":27}},"104":{"start":{"line":279,"column":8},"end":{"line":281,"column":9}},"105":{"start":{"line":280,"column":10},"end":{"line":280,"column":19}},"106":{"start":{"line":282,"column":8},"end":{"line":284,"column":9}},"107":{"start":{"line":283,"column":10},"end":{"line":283,"column":20}},"108":{"start":{"line":285,"column":8},"end":{"line":285,"column":17}},"109":{"start":{"line":288,"column":20},"end":{"line":290,"column":6}},"110":{"start":{"line":289,"column":6},"end":{"line":289,"column":53}},"111":{"start":{"line":291,"column":23},"end":{"line":293,"column":6}},"112":{"start":{"line":292,"column":6},"end":{"line":292,"column":29}},"113":{"start":{"line":295,"column":24},"end":{"line":297,"column":6}},"114":{"start":{"line":296,"column":6},"end":{"line":296,"column":44}},"115":{"start":{"line":298,"column":4},"end":{"line":298,"column":36}},"116":{"start":{"line":299,"column":4},"end":{"line":299,"column":33}},"117":{"start":{"line":301,"column":20},"end":{"line":301,"column":55}},"118":{"start":{"line":302,"column":19},"end":{"line":302,"column":54}},"119":{"start":{"line":303,"column":21},"end":{"line":303,"column":41}},"120":{"start":{"line":304,"column":4},"end":{"line":304,"column":62}},"121":{"start":{"line":305,"column":4},"end":{"line":305,"column":60}},"122":{"start":{"line":306,"column":4},"end":{"line":306,"column":44}},"123":{"start":{"line":311,"column":22},"end":{"line":354,"column":3}},"124":{"start":{"line":312,"column":4},"end":{"line":353,"column":5}},"125":{"start":{"line":313,"column":33},"end":{"line":323,"column":11}},"126":{"start":{"line":313,"column":63},"end":{"line":323,"column":9}},"127":{"start":{"line":325,"column":26},"end":{"line":325,"column":48}},"128":{"start":{"line":326,"column":24},"end":{"line":333,"column":10}},"129":{"start":{"line":331,"column":29},"end":{"line":331,"column":39}},"130":{"start":{"line":332,"column":26},"end":{"line":332,"column":30}},"131":{"start":{"line":335,"column":20},"end":{"line":335,"column":48}},"132":{"start":{"line":336,"column":21},"end":{"line":336,"column":48}},"133":{"start":{"line":337,"column":8},"end":{"line":337,"column":24}},"134":{"start":{"line":338,"column":8},"end":{"line":338,"column":46}},"135":{"start":{"line":339,"column":8},"end":{"line":339,"column":40}},"136":{"start":{"line":340,"column":8},"end":{"line":340,"column":21}},"137":{"start":{"line":341,"column":8},"end":{"line":341,"column":40}},"138":{"start":{"line":342,"column":8},"end":{"line":342,"column":33}},"139":{"start":{"line":344,"column":8},"end":{"line":347,"column":11}},"140":{"start":{"line":349,"column":8},"end":{"line":349,"column":38}},"141":{"start":{"line":351,"column":8},"end":{"line":351,"column":54}},"142":{"start":{"line":352,"column":8},"end":{"line":352,"column":53}},"143":{"start":{"line":364,"column":14},"end":{"line":368,"column":3}},"144":{"start":{"line":366,"column":6},"end":{"line":366,"column":78}},"145":{"start":{"line":370,"column":2},"end":{"line":370,"column":37}},"146":{"start":{"line":371,"column":2},"end":{"line":587,"column":4}},"147":{"start":{"line":498,"column":34},"end":{"line":498,"column":53}},"148":{"start":{"line":499,"column":35},"end":{"line":499,"column":55}},"149":{"start":{"line":577,"column":14},"end":{"line":577,"column":49}},"150":{"start":{"line":578,"column":14},"end":{"line":578,"column":40}}},"fnMap":{"0":{"name":"App","decl":{"start":{"line":41,"column":9},"end":{"line":41,"column":12}},"loc":{"start":{"line":41,"column":15},"end":{"line":588,"column":1}},"line":41},"1":{"name":"(anonymous_1)","decl":{"start":{"line":63,"column":12},"end":{"line":63,"column":13}},"loc":{"start":{"line":63,"column":18},"end":{"line":65,"column":3}},"line":63},"2":{"name":"(anonymous_2)","decl":{"start":{"line":67,"column":12},"end":{"line":67,"column":13}},"loc":{"start":{"line":67,"column":18},"end":{"line":77,"column":3}},"line":67},"3":{"name":"(anonymous_3)","decl":{"start":{"line":68,"column":31},"end":{"line":68,"column":32}},"loc":{"start":{"line":68,"column":42},"end":{"line":72,"column":5}},"line":68},"4":{"name":"(anonymous_4)","decl":{"start":{"line":74,"column":11},"end":{"line":74,"column":12}},"loc":{"start":{"line":74,"column":17},"end":{"line":76,"column":5}},"line":74},"5":{"name":"(anonymous_5)","decl":{"start":{"line":79,"column":12},"end":{"line":79,"column":13}},"loc":{"start":{"line":79,"column":18},"end":{"line":85,"column":3}},"line":79},"6":{"name":"(anonymous_6)","decl":{"start":{"line":87,"column":12},"end":{"line":87,"column":13}},"loc":{"start":{"line":87,"column":18},"end":{"line":113,"column":3}},"line":87},"7":{"name":"(anonymous_7)","decl":{"start":{"line":115,"column":12},"end":{"line":115,"column":13}},"loc":{"start":{"line":115,"column":18},"end":{"line":128,"column":3}},"line":115},"8":{"name":"(anonymous_8)","decl":{"start":{"line":121,"column":12},"end":{"line":121,"column":13}},"loc":{"start":{"line":121,"column":22},"end":{"line":124,"column":7}},"line":121},"9":{"name":"(anonymous_9)","decl":{"start":{"line":125,"column":13},"end":{"line":125,"column":14}},"loc":{"start":{"line":125,"column":20},"end":{"line":127,"column":7}},"line":125},"10":{"name":"(anonymous_10)","decl":{"start":{"line":131,"column":4},"end":{"line":131,"column":5}},"loc":{"start":{"line":131,"column":11},"end":{"line":135,"column":5}},"line":131},"11":{"name":"(anonymous_11)","decl":{"start":{"line":132,"column":23},"end":{"line":132,"column":24}},"loc":{"start":{"line":132,"column":29},"end":{"line":134,"column":7}},"line":132},"12":{"name":"(anonymous_12)","decl":{"start":{"line":133,"column":16},"end":{"line":133,"column":17}},"loc":{"start":{"line":133,"column":31},"end":{"line":133,"column":70}},"line":133},"13":{"name":"(anonymous_13)","decl":{"start":{"line":139,"column":22},"end":{"line":139,"column":23}},"loc":{"start":{"line":139,"column":32},"end":{"line":148,"column":3}},"line":139},"14":{"name":"(anonymous_14)","decl":{"start":{"line":141,"column":11},"end":{"line":141,"column":12}},"loc":{"start":{"line":141,"column":18},"end":{"line":143,"column":7}},"line":141},"15":{"name":"(anonymous_15)","decl":{"start":{"line":145,"column":14},"end":{"line":145,"column":15}},"loc":{"start":{"line":145,"column":21},"end":{"line":147,"column":7}},"line":145},"16":{"name":"(anonymous_16)","decl":{"start":{"line":151,"column":4},"end":{"line":151,"column":5}},"loc":{"start":{"line":151,"column":20},"end":{"line":157,"column":5}},"line":151},"17":{"name":"(anonymous_17)","decl":{"start":{"line":153,"column":49},"end":{"line":153,"column":50}},"loc":{"start":{"line":153,"column":59},"end":{"line":156,"column":9}},"line":153},"18":{"name":"(anonymous_18)","decl":{"start":{"line":161,"column":12},"end":{"line":161,"column":13}},"loc":{"start":{"line":161,"column":18},"end":{"line":165,"column":3}},"line":161},"19":{"name":"(anonymous_19)","decl":{"start":{"line":167,"column":30},"end":{"line":167,"column":31}},"loc":{"start":{"line":167,"column":36},"end":{"line":183,"column":3}},"line":167},"20":{"name":"(anonymous_20)","decl":{"start":{"line":172,"column":23},"end":{"line":172,"column":24}},"loc":{"start":{"line":172,"column":44},"end":{"line":182,"column":5}},"line":172},"21":{"name":"(anonymous_21)","decl":{"start":{"line":174,"column":14},"end":{"line":174,"column":15}},"loc":{"start":{"line":174,"column":23},"end":{"line":177,"column":9}},"line":174},"22":{"name":"(anonymous_22)","decl":{"start":{"line":178,"column":15},"end":{"line":178,"column":16}},"loc":{"start":{"line":178,"column":22},"end":{"line":181,"column":9}},"line":178},"23":{"name":"(anonymous_23)","decl":{"start":{"line":185,"column":22},"end":{"line":185,"column":23}},"loc":{"start":{"line":185,"column":28},"end":{"line":219,"column":3}},"line":185},"24":{"name":"(anonymous_24)","decl":{"start":{"line":189,"column":14},"end":{"line":189,"column":15}},"loc":{"start":{"line":189,"column":23},"end":{"line":189,"column":56}},"line":189},"25":{"name":"(anonymous_25)","decl":{"start":{"line":198,"column":24},"end":{"line":198,"column":25}},"loc":{"start":{"line":198,"column":45},"end":{"line":210,"column":15}},"line":198},"26":{"name":"(anonymous_26)","decl":{"start":{"line":221,"column":26},"end":{"line":221,"column":27}},"loc":{"start":{"line":221,"column":32},"end":{"line":238,"column":3}},"line":221},"27":{"name":"(anonymous_27)","decl":{"start":{"line":228,"column":23},"end":{"line":228,"column":24}},"loc":{"start":{"line":228,"column":44},"end":{"line":237,"column":5}},"line":228},"28":{"name":"(anonymous_28)","decl":{"start":{"line":230,"column":14},"end":{"line":230,"column":15}},"loc":{"start":{"line":230,"column":26},"end":{"line":232,"column":9}},"line":230},"29":{"name":"(anonymous_29)","decl":{"start":{"line":233,"column":15},"end":{"line":233,"column":16}},"loc":{"start":{"line":233,"column":22},"end":{"line":236,"column":9}},"line":233},"30":{"name":"(anonymous_30)","decl":{"start":{"line":240,"column":24},"end":{"line":240,"column":25}},"loc":{"start":{"line":240,"column":30},"end":{"line":307,"column":3}},"line":240},"31":{"name":"(anonymous_31)","decl":{"start":{"line":244,"column":14},"end":{"line":244,"column":15}},"loc":{"start":{"line":244,"column":34},"end":{"line":262,"column":7}},"line":244},"32":{"name":"(anonymous_32)","decl":{"start":{"line":264,"column":12},"end":{"line":264,"column":13}},"loc":{"start":{"line":264,"column":22},"end":{"line":272,"column":7}},"line":264},"33":{"name":"(anonymous_33)","decl":{"start":{"line":274,"column":11},"end":{"line":274,"column":12}},"loc":{"start":{"line":274,"column":18},"end":{"line":276,"column":7}},"line":274},"34":{"name":"(anonymous_34)","decl":{"start":{"line":278,"column":12},"end":{"line":278,"column":13}},"loc":{"start":{"line":278,"column":22},"end":{"line":286,"column":7}},"line":278},"35":{"name":"(anonymous_35)","decl":{"start":{"line":288,"column":30},"end":{"line":288,"column":31}},"loc":{"start":{"line":288,"column":37},"end":{"line":290,"column":5}},"line":288},"36":{"name":"(anonymous_36)","decl":{"start":{"line":291,"column":33},"end":{"line":291,"column":34}},"loc":{"start":{"line":291,"column":40},"end":{"line":293,"column":5}},"line":291},"37":{"name":"(anonymous_37)","decl":{"start":{"line":295,"column":34},"end":{"line":295,"column":35}},"loc":{"start":{"line":295,"column":44},"end":{"line":297,"column":5}},"line":295},"38":{"name":"(anonymous_38)","decl":{"start":{"line":311,"column":22},"end":{"line":311,"column":23}},"loc":{"start":{"line":311,"column":34},"end":{"line":354,"column":3}},"line":311},"39":{"name":"(anonymous_39)","decl":{"start":{"line":313,"column":53},"end":{"line":313,"column":54}},"loc":{"start":{"line":313,"column":63},"end":{"line":323,"column":9}},"line":313},"40":{"name":"(anonymous_40)","decl":{"start":{"line":331,"column":24},"end":{"line":331,"column":25}},"loc":{"start":{"line":331,"column":29},"end":{"line":331,"column":39}},"line":331},"41":{"name":"(anonymous_41)","decl":{"start":{"line":332,"column":21},"end":{"line":332,"column":22}},"loc":{"start":{"line":332,"column":26},"end":{"line":332,"column":30}},"line":332},"42":{"name":"(anonymous_42)","decl":{"start":{"line":365,"column":4},"end":{"line":365,"column":5}},"loc":{"start":{"line":366,"column":6},"end":{"line":366,"column":78}},"line":366},"43":{"name":"(anonymous_43)","decl":{"start":{"line":498,"column":28},"end":{"line":498,"column":29}},"loc":{"start":{"line":498,"column":34},"end":{"line":498,"column":53}},"line":498},"44":{"name":"(anonymous_44)","decl":{"start":{"line":499,"column":29},"end":{"line":499,"column":30}},"loc":{"start":{"line":499,"column":35},"end":{"line":499,"column":55}},"line":499},"45":{"name":"(anonymous_45)","decl":{"start":{"line":576,"column":22},"end":{"line":576,"column":23}},"loc":{"start":{"line":576,"column":28},"end":{"line":579,"column":13}},"line":576}},"branchMap":{"0":{"loc":{"start":{"line":64,"column":12},"end":{"line":64,"column":46}},"type":"cond-expr","locations":[{"start":{"line":64,"column":30},"end":{"line":64,"column":36}},{"start":{"line":64,"column":39},"end":{"line":64,"column":46}}],"line":64},"1":{"loc":{"start":{"line":70,"column":6},"end":{"line":71,"column":69}},"type":"if","locations":[{"start":{"line":70,"column":6},"end":{"line":71,"column":69}},{"start":{},"end":{}}],"line":70},"2":{"loc":{"start":{"line":80,"column":4},"end":{"line":84,"column":65}},"type":"if","locations":[{"start":{"line":80,"column":4},"end":{"line":84,"column":65}},{"start":{},"end":{}}],"line":80},"3":{"loc":{"start":{"line":81,"column":6},"end":{"line":82,"column":54}},"type":"binary-expr","locations":[{"start":{"line":81,"column":6},"end":{"line":81,"column":38}},{"start":{"line":82,"column":6},"end":{"line":82,"column":54}}],"line":81},"4":{"loc":{"start":{"line":89,"column":4},"end":{"line":99,"column":5}},"type":"if","locations":[{"start":{"line":89,"column":4},"end":{"line":99,"column":5}},{"start":{},"end":{}}],"line":89},"5":{"loc":{"start":{"line":90,"column":6},"end":{"line":92,"column":46}},"type":"binary-expr","locations":[{"start":{"line":90,"column":6},"end":{"line":90,"column":15}},{"start":{"line":91,"column":6},"end":{"line":91,"column":28}},{"start":{"line":92,"column":6},"end":{"line":92,"column":46}}],"line":90},"6":{"loc":{"start":{"line":102,"column":4},"end":{"line":112,"column":5}},"type":"if","locations":[{"start":{"line":102,"column":4},"end":{"line":112,"column":5}},{"start":{},"end":{}}],"line":102},"7":{"loc":{"start":{"line":103,"column":6},"end":{"line":105,"column":69}},"type":"binary-expr","locations":[{"start":{"line":103,"column":6},"end":{"line":103,"column":15}},{"start":{"line":104,"column":6},"end":{"line":104,"column":26}},{"start":{"line":105,"column":6},"end":{"line":105,"column":69}}],"line":103},"8":{"loc":{"start":{"line":116,"column":4},"end":{"line":119,"column":5}},"type":"if","locations":[{"start":{"line":116,"column":4},"end":{"line":119,"column":5}},{"start":{},"end":{}}],"line":116},"9":{"loc":{"start":{"line":133,"column":31},"end":{"line":133,"column":70}},"type":"cond-expr","locations":[{"start":{"line":133,"column":54},"end":{"line":133,"column":60}},{"start":{"line":133,"column":63},"end":{"line":133,"column":70}}],"line":133},"10":{"loc":{"start":{"line":152,"column":6},"end":{"line":156,"column":11}},"type":"if","locations":[{"start":{"line":152,"column":6},"end":{"line":156,"column":11}},{"start":{},"end":{}}],"line":152},"11":{"loc":{"start":{"line":162,"column":4},"end":{"line":164,"column":5}},"type":"if","locations":[{"start":{"line":162,"column":4},"end":{"line":164,"column":5}},{"start":{},"end":{}}],"line":162},"12":{"loc":{"start":{"line":186,"column":4},"end":{"line":218,"column":5}},"type":"if","locations":[{"start":{"line":186,"column":4},"end":{"line":218,"column":5}},{"start":{},"end":{}}],"line":186},"13":{"loc":{"start":{"line":204,"column":16},"end":{"line":209,"column":20}},"type":"binary-expr","locations":[{"start":{"line":204,"column":16},"end":{"line":204,"column":23}},{"start":{"line":205,"column":18},"end":{"line":209,"column":20}}],"line":204},"14":{"loc":{"start":{"line":252,"column":12},"end":{"line":252,"column":78}},"type":"binary-expr","locations":[{"start":{"line":252,"column":12},"end":{"line":252,"column":45}},{"start":{"line":252,"column":49},"end":{"line":252,"column":78}}],"line":252},"15":{"loc":{"start":{"line":257,"column":12},"end":{"line":258,"column":42}},"type":"binary-expr","locations":[{"start":{"line":257,"column":12},"end":{"line":257,"column":46}},{"start":{"line":258,"column":12},"end":{"line":258,"column":42}}],"line":257},"16":{"loc":{"start":{"line":265,"column":8},"end":{"line":267,"column":9}},"type":"if","locations":[{"start":{"line":265,"column":8},"end":{"line":267,"column":9}},{"start":{},"end":{}}],"line":265},"17":{"loc":{"start":{"line":268,"column":8},"end":{"line":270,"column":9}},"type":"if","locations":[{"start":{"line":268,"column":8},"end":{"line":270,"column":9}},{"start":{},"end":{}}],"line":268},"18":{"loc":{"start":{"line":279,"column":8},"end":{"line":281,"column":9}},"type":"if","locations":[{"start":{"line":279,"column":8},"end":{"line":281,"column":9}},{"start":{},"end":{}}],"line":279},"19":{"loc":{"start":{"line":282,"column":8},"end":{"line":284,"column":9}},"type":"if","locations":[{"start":{"line":282,"column":8},"end":{"line":284,"column":9}},{"start":{},"end":{}}],"line":282},"20":{"loc":{"start":{"line":380,"column":27},"end":{"line":382,"column":21}},"type":"cond-expr","locations":[{"start":{"line":381,"column":16},"end":{"line":381,"column":24}},{"start":{"line":382,"column":16},"end":{"line":382,"column":21}}],"line":380},"21":{"loc":{"start":{"line":495,"column":53},"end":{"line":495,"column":77}},"type":"cond-expr","locations":[{"start":{"line":495,"column":66},"end":{"line":495,"column":72}},{"start":{"line":495,"column":75},"end":{"line":495,"column":77}}],"line":495},"22":{"loc":{"start":{"line":512,"column":27},"end":{"line":514,"column":28}},"type":"cond-expr","locations":[{"start":{"line":513,"column":22},"end":{"line":513,"column":30}},{"start":{"line":514,"column":22},"end":{"line":514,"column":28}}],"line":512}},"s":{"0":0,"1":0,"2":0,"3":0,"4":0,"5":0,"6":0,"7":0,"8":0,"9":0,"10":0,"11":0,"12":0,"13":0,"14":0,"15":0,"16":0,"17":0,"18":0,"19":0,"20":0,"21":0,"22":0,"23":0,"24":0,"25":0,"26":0,"27":0,"28":0,"29":0,"30":0,"31":0,"32":0,"33":0,"34":0,"35":0,"36":0,"37":0,"38":0,"39":0,"40":0,"41":0,"42":0,"43":0,"44":0,"45":0,"46":0,"47":0,"48":0,"49":0,"50":0,"51":0,"52":0,"53":0,"54":0,"55":0,"56":0,"57":0,"58":0,"59":0,"60":0,"61":0,"62":0,"63":0,"64":0,"65":0,"66":0,"67":0,"68":0,"69":0,"70":0,"71":0,"72":0,"73":0,"74":0,"75":0,"76":0,"77":0,"78":0,"79":0,"80":0,"81":0,"82":0,"83":0,"84":0,"85":0,"86":0,"87":0,"88":0,"89":0,"90":0,"91":0,"92":0,"93":0,"94":0,"95":0,"96":0,"97":0,"98":0,"99":0,"100":0,"101":0,"102":0,"103":0,"104":0,"105":0,"106":0,"107":0,"108":0,"109":0,"110":0,"111":0,"112":0,"113":0,"114":0,"115":0,"116":0,"117":0,"118":0,"119":0,"120":0,"121":0,"122":0,"123":0,"124":0,"125":0,"126":0,"127":0,"128":0,"129":0,"130":0,"131":0,"132":0,"133":0,"134":0,"135":0,"136":0,"137":0,"138":0,"139":0,"140":0,"141":0,"142":0,"143":0,"144":0,"145":0,"146":0,"147":0,"148":0,"149":0,"150":0},"f":{"0":0,"1":0,"2":0,"3":0,"4":0,"5":0,"6":0,"7":0,"8":0,"9":0,"10":0,"11":0,"12":0,"13":0,"14":0,"15":0,"16":0,"17":0,"18":0,"19":0,"20":0,"21":0,"22":0,"23":0,"24":0,"25":0,"26":0,"27":0,"28":0,"29":0,"30":0,"31":0,"32":0,"33":0,"34":0,"35":0,"36":0,"37":0,"38":0,"39":0,"40":0,"41":0,"42":0,"43":0,"44":0,"45":0},"b":{"0":[0,0],"1":[0,0],"2":[0,0],"3":[0,0],"4":[0,0],"5":[0,0,0],"6":[0,0],"7":[0,0,0],"8":[0,0],"9":[0,0],"10":[0,0],"11":[0,0],"12":[0,0],"13":[0,0],"14":[0,0],"15":[0,0],"16":[0,0],"17":[0,0],"18":[0,0],"19":[0,0],"20":[0,0],"21":[0,0],"22":[0,0]}}
,"/Users/vc/Desktop/17313/app/src/components/ResultsOptions.js": {"path":"/Users/vc/Desktop/17313/app/src/components/ResultsOptions.js","statementMap":{"0":{"start":{"line":31,"column":36},"end":{"line":31,"column":70}},"1":{"start":{"line":32,"column":26},"end":{"line":32,"column":35}},"2":{"start":{"line":33,"column":38},"end":{"line":33,"column":50}},"3":{"start":{"line":34,"column":30},"end":{"line":34,"column":58}},"4":{"start":{"line":36,"column":2},"end":{"line":39,"column":23}},"5":{"start":{"line":37,"column":4},"end":{"line":37,"column":43}},"6":{"start":{"line":38,"column":4},"end":{"line":38,"column":45}},"7":{"start":{"line":41,"column":2},"end":{"line":47,"column":63}},"8":{"start":{"line":42,"column":4},"end":{"line":46,"column":5}},"9":{"start":{"line":43,"column":24},"end":{"line":43,"column":45}},"10":{"start":{"line":44,"column":6},"end":{"line":44,"column":51}},"11":{"start":{"line":45,"column":6},"end":{"line":45,"column":37}},"12":{"start":{"line":49,"column":2},"end":{"line":213,"column":4}},"13":{"start":{"line":69,"column":12},"end":{"line":69,"column":32}},"14":{"start":{"line":72,"column":30},"end":{"line":72,"column":51}},"15":{"start":{"line":73,"column":12},"end":{"line":73,"column":42}},"16":{"start":{"line":74,"column":12},"end":{"line":74,"column":43}},"17":{"start":{"line":87,"column":12},"end":{"line":87,"column":42}},"18":{"start":{"line":128,"column":32},"end":{"line":128,"column":53}},"19":{"start":{"line":129,"column":14},"end":{"line":129,"column":65}},"20":{"start":{"line":130,"column":14},"end":{"line":130,"column":45}},"21":{"start":{"line":146,"column":32},"end":{"line":146,"column":53}},"22":{"start":{"line":147,"column":14},"end":{"line":147,"column":62}},"23":{"start":{"line":148,"column":14},"end":{"line":148,"column":45}},"24":{"start":{"line":170,"column":14},"end":{"line":174,"column":19}},"25":{"start":{"line":175,"column":14},"end":{"line":175,"column":30}},"26":{"start":{"line":185,"column":14},"end":{"line":185,"column":55}},"27":{"start":{"line":186,"column":14},"end":{"line":196,"column":15}},"28":{"start":{"line":187,"column":16},"end":{"line":191,"column":21}},"29":{"start":{"line":192,"column":16},"end":{"line":192,"column":60}},"30":{"start":{"line":194,"column":16},"end":{"line":194,"column":59}},"31":{"start":{"line":195,"column":16},"end":{"line":195,"column":63}}},"fnMap":{"0":{"name":"ResultsOptions","decl":{"start":{"line":21,"column":24},"end":{"line":21,"column":38}},"loc":{"start":{"line":30,"column":3},"end":{"line":214,"column":1}},"line":30},"1":{"name":"(anonymous_1)","decl":{"start":{"line":36,"column":12},"end":{"line":36,"column":13}},"loc":{"start":{"line":36,"column":18},"end":{"line":39,"column":3}},"line":36},"2":{"name":"(anonymous_2)","decl":{"start":{"line":41,"column":10},"end":{"line":41,"column":11}},"loc":{"start":{"line":41,"column":16},"end":{"line":47,"column":3}},"line":41},"3":{"name":"(anonymous_3)","decl":{"start":{"line":68,"column":20},"end":{"line":68,"column":21}},"loc":{"start":{"line":68,"column":34},"end":{"line":70,"column":11}},"line":68},"4":{"name":"(anonymous_4)","decl":{"start":{"line":71,"column":29},"end":{"line":71,"column":30}},"loc":{"start":{"line":71,"column":43},"end":{"line":75,"column":11}},"line":71},"5":{"name":"(anonymous_5)","decl":{"start":{"line":86,"column":20},"end":{"line":86,"column":21}},"loc":{"start":{"line":86,"column":27},"end":{"line":88,"column":11}},"line":86},"6":{"name":"(anonymous_6)","decl":{"start":{"line":127,"column":22},"end":{"line":127,"column":23}},"loc":{"start":{"line":127,"column":33},"end":{"line":131,"column":13}},"line":127},"7":{"name":"(anonymous_7)","decl":{"start":{"line":145,"column":22},"end":{"line":145,"column":23}},"loc":{"start":{"line":145,"column":33},"end":{"line":149,"column":13}},"line":145},"8":{"name":"(anonymous_8)","decl":{"start":{"line":169,"column":21},"end":{"line":169,"column":22}},"loc":{"start":{"line":169,"column":27},"end":{"line":176,"column":13}},"line":169},"9":{"name":"(anonymous_9)","decl":{"start":{"line":184,"column":21},"end":{"line":184,"column":22}},"loc":{"start":{"line":184,"column":33},"end":{"line":197,"column":13}},"line":184}},"branchMap":{"0":{"loc":{"start":{"line":42,"column":4},"end":{"line":46,"column":5}},"type":"if","locations":[{"start":{"line":42,"column":4},"end":{"line":46,"column":5}},{"start":{},"end":{}}],"line":42},"1":{"loc":{"start":{"line":161,"column":11},"end":{"line":166,"column":11}},"type":"binary-expr","locations":[{"start":{"line":161,"column":11},"end":{"line":161,"column":22}},{"start":{"line":162,"column":12},"end":{"line":165,"column":14}}],"line":161},"2":{"loc":{"start":{"line":170,"column":14},"end":{"line":174,"column":18}},"type":"binary-expr","locations":[{"start":{"line":170,"column":14},"end":{"line":170,"column":21}},{"start":{"line":171,"column":16},"end":{"line":174,"column":18}}],"line":170},"3":{"loc":{"start":{"line":187,"column":16},"end":{"line":191,"column":20}},"type":"binary-expr","locations":[{"start":{"line":187,"column":16},"end":{"line":187,"column":23}},{"start":{"line":188,"column":18},"end":{"line":191,"column":20}}],"line":187}},"s":{"0":3,"1":3,"2":3,"3":3,"4":3,"5":3,"6":3,"7":3,"8":3,"9":0,"10":0,"11":0,"12":3,"13":0,"14":0,"15":0,"16":0,"17":0,"18":0,"19":0,"20":0,"21":0,"22":0,"23":0,"24":0,"25":0,"26":2,"27":2,"28":2,"29":2,"30":1,"31":1},"f":{"0":3,"1":3,"2":3,"3":0,"4":0,"5":0,"6":0,"7":0,"8":0,"9":2},"b":{"0":[0,3],"1":[3,0],"2":[0,0],"3":[2,2]},"_coverageSchema":"1a1c01bbd47fc00a2c39e90264f33305004495a9","hash":"6a84881d31a106229ce160ae38fc2e3e4bfc3c78"}
}
