TN:
SF:src/components/App.js
FN:41,App
FN:63,(anonymous_1)
FN:67,(anonymous_2)
FN:68,(anonymous_3)
FN:74,(anonymous_4)
FN:79,(anonymous_5)
FN:87,(anonymous_6)
FN:115,(anonymous_7)
FN:121,(anonymous_8)
FN:125,(anonymous_9)
FN:131,(anonymous_10)
FN:132,(anonymous_11)
FN:133,(anonymous_12)
FN:139,(anonymous_13)
FN:141,(anonymous_14)
FN:145,(anonymous_15)
FN:151,(anonymous_16)
FN:153,(anonymous_17)
FN:161,(anonymous_18)
FN:167,(anonymous_19)
FN:172,(anonymous_20)
FN:174,(anonymous_21)
FN:178,(anonymous_22)
FN:185,(anonymous_23)
FN:189,(anonymous_24)
FN:198,(anonymous_25)
FN:221,(anonymous_26)
FN:228,(anonymous_27)
FN:230,(anonymous_28)
FN:233,(anonymous_29)
FN:240,(anonymous_30)
FN:244,(anonymous_31)
FN:264,(anonymous_32)
FN:274,(anonymous_33)
FN:278,(anonymous_34)
FN:288,(anonymous_35)
FN:291,(anonymous_36)
FN:295,(anonymous_37)
FN:311,(anonymous_38)
FN:313,(anonymous_39)
FN:331,(anonymous_40)
FN:332,(anonymous_41)
FN:365,(anonymous_42)
FN:498,(anonymous_43)
FN:499,(anonymous_44)
FN:576,(anonymous_45)
FNF:46
FNH:0
FNDA:0,App
FNDA:0,(anonymous_1)
FNDA:0,(anonymous_2)
FNDA:0,(anonymous_3)
FNDA:0,(anonymous_4)
FNDA:0,(anonymous_5)
FNDA:0,(anonymous_6)
FNDA:0,(anonymous_7)
FNDA:0,(anonymous_8)
FNDA:0,(anonymous_9)
FNDA:0,(anonymous_10)
FNDA:0,(anonymous_11)
FNDA:0,(anonymous_12)
FNDA:0,(anonymous_13)
FNDA:0,(anonymous_14)
FNDA:0,(anonymous_15)
FNDA:0,(anonymous_16)
FNDA:0,(anonymous_17)
FNDA:0,(anonymous_18)
FNDA:0,(anonymous_19)
FNDA:0,(anonymous_20)
FNDA:0,(anonymous_21)
FNDA:0,(anonymous_22)
FNDA:0,(anonymous_23)
FNDA:0,(anonymous_24)
FNDA:0,(anonymous_25)
FNDA:0,(anonymous_26)
FNDA:0,(anonymous_27)
FNDA:0,(anonymous_28)
FNDA:0,(anonymous_29)
FNDA:0,(anonymous_30)
FNDA:0,(anonymous_31)
FNDA:0,(anonymous_32)
FNDA:0,(anonymous_33)
FNDA:0,(anonymous_34)
FNDA:0,(anonymous_35)
FNDA:0,(anonymous_36)
FNDA:0,(anonymous_37)
FNDA:0,(anonymous_38)
FNDA:0,(anonymous_39)
FNDA:0,(anonymous_40)
FNDA:0,(anonymous_41)
FNDA:0,(anonymous_42)
FNDA:0,(anonymous_43)
FNDA:0,(anonymous_44)
FNDA:0,(anonymous_45)
DA:42,0
DA:43,0
DA:44,0
DA:45,0
DA:46,0
DA:51,0
DA:52,0
DA:59,0
DA:60,0
DA:61,0
DA:62,0
DA:63,0
DA:64,0
DA:67,0
DA:68,0
DA:70,0
DA:71,0
DA:73,0
DA:74,0
DA:75,0
DA:79,0
DA:80,0
DA:84,0
DA:87,0
DA:89,0
DA:94,0
DA:95,0
DA:96,0
DA:98,0
DA:102,0
DA:107,0
DA:108,0
DA:110,0
DA:111,0
DA:115,0
DA:116,0
DA:117,0
DA:118,0
DA:120,0
DA:122,0
DA:123,0
DA:126,0
DA:130,0
DA:131,0
DA:133,0
DA:139,0
DA:140,0
DA:142,0
DA:146,0
DA:150,0
DA:152,0
DA:153,0
DA:154,0
DA:155,0
DA:161,0
DA:162,0
DA:163,0
DA:167,0
DA:168,0
DA:169,0
DA:170,0
DA:171,0
DA:172,0
DA:173,0
DA:175,0
DA:176,0
DA:179,0
DA:180,0
DA:185,0
DA:186,0
DA:189,0
DA:191,0
DA:199,0
DA:200,0
DA:201,0
DA:202,0
DA:204,0
DA:221,0
DA:222,0
DA:223,0
DA:224,0
DA:225,0
DA:226,0
DA:227,0
DA:228,0
DA:229,0
DA:231,0
DA:234,0
DA:235,0
DA:240,0
DA:241,0
DA:243,0
DA:245,0
DA:246,0
DA:247,0
DA:261,0
DA:265,0
DA:266,0
DA:268,0
DA:269,0
DA:271,0
DA:273,0
DA:275,0
DA:279,0
DA:280,0
DA:282,0
DA:283,0
DA:285,0
DA:288,0
DA:289,0
DA:291,0
DA:292,0
DA:295,0
DA:296,0
DA:298,0
DA:299,0
DA:301,0
DA:302,0
DA:303,0
DA:304,0
DA:305,0
DA:306,0
DA:311,0
DA:312,0
DA:313,0
DA:325,0
DA:326,0
DA:331,0
DA:332,0
DA:335,0
DA:336,0
DA:337,0
DA:338,0
DA:339,0
DA:340,0
DA:341,0
DA:342,0
DA:344,0
DA:349,0
DA:351,0
DA:352,0
DA:364,0
DA:366,0
DA:370,0
DA:371,0
DA:498,0
DA:499,0
DA:577,0
DA:578,0
LF:149
LH:0
BRDA:64,0,0,0
BRDA:64,0,1,0
BRDA:70,1,0,0
BRDA:70,1,1,0
BRDA:80,2,0,0
BRDA:80,2,1,0
BRDA:81,3,0,0
BRDA:81,3,1,0
BRDA:89,4,0,0
BRDA:89,4,1,0
BRDA:90,5,0,0
BRDA:90,5,1,0
BRDA:90,5,2,0
BRDA:102,6,0,0
BRDA:102,6,1,0
BRDA:103,7,0,0
BRDA:103,7,1,0
BRDA:103,7,2,0
BRDA:116,8,0,0
BRDA:116,8,1,0
BRDA:133,9,0,0
BRDA:133,9,1,0
BRDA:152,10,0,0
BRDA:152,10,1,0
BRDA:162,11,0,0
BRDA:162,11,1,0
BRDA:186,12,0,0
BRDA:186,12,1,0
BRDA:204,13,0,0
BRDA:204,13,1,0
BRDA:252,14,0,0
BRDA:252,14,1,0
BRDA:257,15,0,0
BRDA:257,15,1,0
BRDA:265,16,0,0
BRDA:265,16,1,0
BRDA:268,17,0,0
BRDA:268,17,1,0
BRDA:279,18,0,0
BRDA:279,18,1,0
BRDA:282,19,0,0
BRDA:282,19,1,0
BRDA:380,20,0,0
BRDA:380,20,1,0
BRDA:495,21,0,0
BRDA:495,21,1,0
BRDA:512,22,0,0
BRDA:512,22,1,0
BRF:48
BRH:0
end_of_record
TN:
SF:src/components/ResultsOptions.js
FN:21,ResultsOptions
FN:36,(anonymous_1)
FN:41,(anonymous_2)
FN:68,(anonymous_3)
FN:71,(anonymous_4)
FN:86,(anonymous_5)
FN:127,(anonymous_6)
FN:145,(anonymous_7)
FN:169,(anonymous_8)
FN:184,(anonymous_9)
FNF:10
FNH:4
FNDA:3,ResultsOptions
FNDA:3,(anonymous_1)
FNDA:3,(anonymous_2)
FNDA:0,(anonymous_3)
FNDA:0,(anonymous_4)
FNDA:0,(anonymous_5)
FNDA:0,(anonymous_6)
FNDA:0,(anonymous_7)
FNDA:0,(anonymous_8)
FNDA:2,(anonymous_9)
DA:31,3
DA:32,3
DA:33,3
DA:34,3
DA:36,3
DA:37,3
DA:38,3
DA:41,3
DA:42,3
DA:43,0
DA:44,0
DA:45,0
DA:49,3
DA:69,0
DA:72,0
DA:73,0
DA:74,0
DA:87,0
DA:128,0
DA:129,0
DA:130,0
DA:146,0
DA:147,0
DA:148,0
DA:170,0
DA:175,0
DA:185,2
DA:186,2
DA:187,2
DA:192,2
DA:194,1
DA:195,1
LF:32
LH:16
BRDA:42,0,0,0
BRDA:42,0,1,3
BRDA:161,1,0,3
BRDA:161,1,1,0
BRDA:170,2,0,0
BRDA:170,2,1,0
BRDA:187,3,0,2
BRDA:187,3,1,2
BRF:8
BRH:4
end_of_record
